Using pre-set license
Built from '2021.2/staging' branch; Version is '2021.2.13f1 (90b6766da538) revision 9483894'; Using compiler version '192829333'; Build Type 'Release'
OS: 'Windows 10  (10.0.19044) 64bit CoreSingleLanguage' Language: 'en' Physical Memory: 20361 MB
BatchMode: 1, IsHumanControllingUs: 0, StartBugReporterOnCrash: 0, Is64bit: 1, IsPro: 1

COMMAND LINE ARGUMENTS:
C:\Program Files\Unity\Hub\Editor\2021.2.13f1\Editor\Unity.exe
-adb2
-batchMode
-noUpm
-name
AssetImportWorker0
-projectPath
E:/Projects/DTS/DialogTreeSystem
-logFile
Logs/AssetImportWorker0.log
-srvPort
57243
Successfully changed project path to: E:/Projects/DTS/DialogTreeSystem
E:/Projects/DTS/DialogTreeSystem
[UnityMemory] Configuration Parameters - Can be set up in boot.config
    "memorysetup-bucket-allocator-granularity=16"
    "memorysetup-bucket-allocator-bucket-count=8"
    "memorysetup-bucket-allocator-block-size=33554432"
    "memorysetup-bucket-allocator-block-count=8"
    "memorysetup-main-allocator-block-size=16777216"
    "memorysetup-thread-allocator-block-size=16777216"
    "memorysetup-gfx-main-allocator-block-size=16777216"
    "memorysetup-gfx-thread-allocator-block-size=16777216"
    "memorysetup-cache-allocator-block-size=4194304"
    "memorysetup-typetree-allocator-block-size=2097152"
    "memorysetup-profiler-bucket-allocator-granularity=16"
    "memorysetup-profiler-bucket-allocator-bucket-count=8"
    "memorysetup-profiler-bucket-allocator-block-size=33554432"
    "memorysetup-profiler-bucket-allocator-block-count=8"
    "memorysetup-profiler-allocator-block-size=16777216"
    "memorysetup-profiler-editor-allocator-block-size=1048576"
    "memorysetup-temp-allocator-size-main=16777216"
    "memorysetup-job-temp-allocator-block-size=2097152"
    "memorysetup-job-temp-allocator-block-size-background=1048576"
    "memorysetup-job-temp-allocator-reduction-small-platforms=262144"
    "memorysetup-temp-allocator-size-background-worker=32768"
    "memorysetup-temp-allocator-size-job-worker=262144"
    "memorysetup-temp-allocator-size-preload-manager=33554432"
    "memorysetup-temp-allocator-size-nav-mesh-worker=65536"
    "memorysetup-temp-allocator-size-audio-worker=65536"
    "memorysetup-temp-allocator-size-cloud-worker=32768"
    "memorysetup-temp-allocator-size-gi-baking-worker=262144"
    "memorysetup-temp-allocator-size-gfx=262144"
Refreshing native plugins compatible for Editor in 90.89 ms, found 4 plugins.
Preloading 0 native plugins for Editor in 0.00 ms.
Initialize engine version: 2021.2.13f1 (90b6766da538)
[Subsystems] Discovering subsystems at path C:/Program Files/Unity/Hub/Editor/2021.2.13f1/Editor/Data/Resources/UnitySubsystems
[Subsystems] Discovering subsystems at path E:/Projects/DTS/DialogTreeSystem/Assets
GfxDevice: creating device client; threaded=0; jobified=0
Direct3D:
    Version:  Direct3D 11.0 [level 11.0]
    Renderer: NVIDIA GeForce MX110 (ID=0x174e)
    Vendor:   NVIDIA
    VRAM:     2010 MB
    Driver:   27.21.14.6259
Initialize mono
Mono path[0] = 'C:/Program Files/Unity/Hub/Editor/2021.2.13f1/Editor/Data/Managed'
Mono path[1] = 'C:/Program Files/Unity/Hub/Editor/2021.2.13f1/Editor/Data/MonoBleedingEdge/lib/mono/unityjit-win32'
Mono config path = 'C:/Program Files/Unity/Hub/Editor/2021.2.13f1/Editor/Data/MonoBleedingEdge/etc'
Using monoOptions --debugger-agent=transport=dt_socket,embedding=1,server=y,suspend=n,address=127.0.0.1:56276
Begin MonoManager ReloadAssembly
Registering precompiled unity dll's ...
Register platform support module: C:/Program Files/Unity/Hub/Editor/2021.2.13f1/Editor/Data/PlaybackEngines/AndroidPlayer/UnityEditor.Android.Extensions.dll
Register platform support module: C:/Program Files/Unity/Hub/Editor/2021.2.13f1/Editor/Data/PlaybackEngines/iOSSupport/UnityEditor.iOS.Extensions.dll
Register platform support module: C:/Program Files/Unity/Hub/Editor/2021.2.13f1/Editor/Data/PlaybackEngines/WindowsStandaloneSupport/UnityEditor.WindowsStandalone.Extensions.dll
Registered in 0.013577 seconds.
Native extension for WindowsStandalone target not found
[usbmuxd] Start listen thread
[usbmuxd] Listen thread started
Native extension for iOS target not found
Native extension for Android target not found
Refreshing native plugins compatible for Editor in 88.49 ms, found 4 plugins.
Preloading 0 native plugins for Editor in 0.00 ms.
Mono: successfully reloaded assembly
- Completed reload, in  0.803 seconds
Domain Reload Profiling:
	ReloadAssembly (803ms)
		BeginReloadAssembly (95ms)
			ExecutionOrderSort (0ms)
			DisableScriptedObjects (0ms)
			BackupInstance (0ms)
			ReleaseScriptingObjects (0ms)
			CreateAndSetChildDomain (1ms)
		EndReloadAssembly (556ms)
			LoadAssemblies (93ms)
			RebuildTransferFunctionScriptingTraits (0ms)
			SetupTypeCache (130ms)
			ReleaseScriptCaches (0ms)
			RebuildScriptCaches (34ms)
			SetupLoadedEditorAssemblies (335ms)
				LogAssemblyErrors (0ms)
				InitializePlatformSupportModulesInManaged (74ms)
				SetLoadedEditorAssemblies (0ms)
				RefreshPlugins (89ms)
				BeforeProcessingInitializeOnLoad (1ms)
				ProcessInitializeOnLoadAttributes (119ms)
				ProcessInitializeOnLoadMethodAttributes (53ms)
				AfterProcessingInitializeOnLoad (0ms)
				EditorAssembliesLoaded (0ms)
			ExecutionOrderSort2 (0ms)
			AwakeInstancesAfterBackupRestoration (0ms)
Platform modules already initialized, skipping
Registering precompiled user dll's ...
Registered in 0.005275 seconds.
Begin MonoManager ReloadAssembly
Symbol file LoadedFromMemory doesn't match image E:\Projects\DTS\DialogTreeSystem\Library\PackageCache\com.unity.visualscripting@1.7.6\Editor\VisualScripting.Core\Dependencies\YamlDotNet\Unity.VisualScripting.YamlDotNet.dll
Symbol file LoadedFromMemory doesn't match image E:\Projects\DTS\DialogTreeSystem\Library\PackageCache\com.unity.visualscripting@1.7.6\Editor\VisualScripting.Core\Dependencies\DotNetZip\Unity.VisualScripting.IonicZip.dll
Native extension for WindowsStandalone target not found
Native extension for iOS target not found
Native extension for Android target not found
Refreshing native plugins compatible for Editor in 92.29 ms, found 4 plugins.
Preloading 0 native plugins for Editor in 0.00 ms.
Mono: successfully reloaded assembly
- Completed reload, in  1.665 seconds
Domain Reload Profiling:
	ReloadAssembly (1666ms)
		BeginReloadAssembly (275ms)
			ExecutionOrderSort (0ms)
			DisableScriptedObjects (7ms)
			BackupInstance (0ms)
			ReleaseScriptingObjects (0ms)
			CreateAndSetChildDomain (157ms)
		EndReloadAssembly (1264ms)
			LoadAssemblies (98ms)
			RebuildTransferFunctionScriptingTraits (0ms)
			SetupTypeCache (276ms)
			ReleaseScriptCaches (1ms)
			RebuildScriptCaches (83ms)
			SetupLoadedEditorAssemblies (755ms)
				LogAssemblyErrors (0ms)
				InitializePlatformSupportModulesInManaged (28ms)
				SetLoadedEditorAssemblies (0ms)
				RefreshPlugins (92ms)
				BeforeProcessingInitializeOnLoad (97ms)
				ProcessInitializeOnLoadAttributes (488ms)
				ProcessInitializeOnLoadMethodAttributes (40ms)
				AfterProcessingInitializeOnLoad (10ms)
				EditorAssembliesLoaded (0ms)
			ExecutionOrderSort2 (0ms)
			AwakeInstancesAfterBackupRestoration (7ms)
Platform modules already initialized, skipping
========================================================================
Worker process is ready to serve import requests
Launched and connected shader compiler UnityShaderCompiler.exe after 0.08 seconds
Refreshing native plugins compatible for Editor in 0.71 ms, found 4 plugins.
Preloading 0 native plugins for Editor in 0.00 ms.
Unloading 3923 Unused Serialized files (Serialized files now loaded: 0)
Unloading 34 unused Assets / (55.9 KB). Loaded Objects now: 4383.
Memory consumption went from 149.0 MB to 149.0 MB.
Total: 3.912100 ms (FindLiveObjects: 0.375100 ms CreateObjectMapping: 0.290500 ms MarkObjects: 3.162800 ms  DeleteObjects: 0.082400 ms)

AssetImportParameters requested are different than current active one (requested -> active):
  custom:video-decoder-ogg-theora: a1e56fd34408186e4bbccfd4996cb3dc -> 
  custom:container-muxer-webm: aa71ff27fc2769a1b78a27578f13a17b -> 
  custom:container-demuxer-webm: 4f35f7cbe854078d1ac9338744f61a02 -> 
  custom:video-encoder-webm-vp8: eb34c28f22e8b96e1ab97ce403110664 -> 
  custom:audio-encoder-webm-vorbis: bf7c407c2cedff20999df2af8eb42d56 -> 
  custom:framework-win-MediaFoundation: 216162199b28c13a410421893ffa2e32 -> 
  custom:container-demuxer-ogg: 62fdf1f143b41e24485cea50d1cbac27 -> 
  custom:video-decoder-webm-vp8: 9c59270c3fd7afecdb556c50c9e8de78 -> 
  custom:audio-decoder-ogg-vorbis: bf7c407c2cedff20999df2af8eb42d56 -> 
========================================================================
Received Import Request.
  Time since last request: 73703.547236 seconds.
  path: Assets/Prefabs/Dialog.prefab
  artifactKey: Guid(0a6cdc88518a5a142ac1d1187f48d2d8) Importer(815301076,1909f56bfc062723c751e8b465ee728b)
Start importing Assets/Prefabs/Dialog.prefab using Guid(0a6cdc88518a5a142ac1d1187f48d2d8) Importer(815301076,1909f56bfc062723c751e8b465ee728b)  -> (artifact id: '66962d1679c31e18211c2a58d5c7af96') in 0.114514 seconds 
========================================================================
Received Import Request.
  Time since last request: 20.809484 seconds.
  path: Assets/Prefabs/Dialog.prefab
  artifactKey: Guid(0a6cdc88518a5a142ac1d1187f48d2d8) Importer(815301076,1909f56bfc062723c751e8b465ee728b)
Start importing Assets/Prefabs/Dialog.prefab using Guid(0a6cdc88518a5a142ac1d1187f48d2d8) Importer(815301076,1909f56bfc062723c751e8b465ee728b)  -> (artifact id: 'bfd9ffe04874107c019e70d2cd2d266f') in 0.032412 seconds 
========================================================================
Received Import Request.
  Time since last request: 9.309266 seconds.
  path: Assets/Prefabs/Dialog.prefab
  artifactKey: Guid(0a6cdc88518a5a142ac1d1187f48d2d8) Importer(815301076,1909f56bfc062723c751e8b465ee728b)
Start importing Assets/Prefabs/Dialog.prefab using Guid(0a6cdc88518a5a142ac1d1187f48d2d8) Importer(815301076,1909f56bfc062723c751e8b465ee728b)  -> (artifact id: 'a19d403c1d72bc3c17a6294777cf44b5') in 0.026836 seconds 
========================================================================
Received Import Request.
  Time since last request: 10.806006 seconds.
  path: Assets/Prefabs/Dialog.prefab
  artifactKey: Guid(0a6cdc88518a5a142ac1d1187f48d2d8) Importer(815301076,1909f56bfc062723c751e8b465ee728b)
Start importing Assets/Prefabs/Dialog.prefab using Guid(0a6cdc88518a5a142ac1d1187f48d2d8) Importer(815301076,1909f56bfc062723c751e8b465ee728b)  -> (artifact id: '51a2d1ed2b4554327b9d6419fd9b82fe') in 0.029409 seconds 
========================================================================
Received Import Request.
  Time since last request: 173.530870 seconds.
  path: Assets/Sprites/dialogbg.png
  artifactKey: Guid(e98f561e992893d458126f9023780037) Importer(815301076,1909f56bfc062723c751e8b465ee728b)
Start importing Assets/Sprites/dialogbg.png using Guid(e98f561e992893d458126f9023780037) Importer(815301076,1909f56bfc062723c751e8b465ee728b)  -> (artifact id: '0ea3900bf9de9855c3207264d01c3917') in 0.118289 seconds 
========================================================================
Received Import Request.
  Time since last request: 1047.651534 seconds.
  path: Assets/Scripts/Models/DialogTreeNode.cs
  artifactKey: Guid(91c4bf04885dab64194792e14a407c9a) Importer(815301076,1909f56bfc062723c751e8b465ee728b)
Start importing Assets/Scripts/Models/DialogTreeNode.cs using Guid(91c4bf04885dab64194792e14a407c9a) Importer(815301076,1909f56bfc062723c751e8b465ee728b)  -> (artifact id: '37f7d933e93c1aa53a4a4f1aa7413a83') in 0.014542 seconds 
========================================================================
Received Import Request.
  Time since last request: 46.709056 seconds.
  path: Assets/Scripts/Models/DialogTreeNode.cs
  artifactKey: Guid(91c4bf04885dab64194792e14a407c9a) Importer(815301076,1909f56bfc062723c751e8b465ee728b)
Start importing Assets/Scripts/Models/DialogTreeNode.cs using Guid(91c4bf04885dab64194792e14a407c9a) Importer(815301076,1909f56bfc062723c751e8b465ee728b)  -> (artifact id: 'd4db3a24d7b6c344a3adb48401cc0003') in 0.006022 seconds 
========================================================================
Received Prepare
Registering precompiled user dll's ...
Registered in 0.004719 seconds.
Begin MonoManager ReloadAssembly
Symbol file LoadedFromMemory doesn't match image E:\Projects\DTS\DialogTreeSystem\Library\PackageCache\com.unity.visualscripting@1.7.6\Editor\VisualScripting.Core\Dependencies\YamlDotNet\Unity.VisualScripting.YamlDotNet.dll
Symbol file LoadedFromMemory doesn't match image E:\Projects\DTS\DialogTreeSystem\Library\PackageCache\com.unity.visualscripting@1.7.6\Editor\VisualScripting.Core\Dependencies\DotNetZip\Unity.VisualScripting.IonicZip.dll
Native extension for WindowsStandalone target not found
Native extension for iOS target not found
Native extension for Android target not found
Refreshing native plugins compatible for Editor in 0.71 ms, found 4 plugins.
Preloading 0 native plugins for Editor in 0.00 ms.
Mono: successfully reloaded assembly
- Completed reload, in  1.336 seconds
Domain Reload Profiling:
	ReloadAssembly (1336ms)
		BeginReloadAssembly (167ms)
			ExecutionOrderSort (0ms)
			DisableScriptedObjects (7ms)
			BackupInstance (0ms)
			ReleaseScriptingObjects (0ms)
			CreateAndSetChildDomain (53ms)
		EndReloadAssembly (1047ms)
			LoadAssemblies (103ms)
			RebuildTransferFunctionScriptingTraits (0ms)
			SetupTypeCache (304ms)
			ReleaseScriptCaches (1ms)
			RebuildScriptCaches (60ms)
			SetupLoadedEditorAssemblies (521ms)
				LogAssemblyErrors (0ms)
				InitializePlatformSupportModulesInManaged (41ms)
				SetLoadedEditorAssemblies (1ms)
				RefreshPlugins (1ms)
				BeforeProcessingInitializeOnLoad (75ms)
				ProcessInitializeOnLoadAttributes (346ms)
				ProcessInitializeOnLoadMethodAttributes (43ms)
				AfterProcessingInitializeOnLoad (15ms)
				EditorAssembliesLoaded (0ms)
			ExecutionOrderSort2 (0ms)
			AwakeInstancesAfterBackupRestoration (12ms)
Platform modules already initialized, skipping
Refreshing native plugins compatible for Editor in 2.02 ms, found 4 plugins.
Preloading 0 native plugins for Editor in 0.00 ms.
Unloading 3899 Unused Serialized files (Serialized files now loaded: 0)
Unloading 22 unused Assets / (25.4 KB). Loaded Objects now: 4391.
Memory consumption went from 151.5 MB to 151.4 MB.
Total: 3.731600 ms (FindLiveObjects: 0.331200 ms CreateObjectMapping: 0.230700 ms MarkObjects: 3.130400 ms  DeleteObjects: 0.038200 ms)

AssetImportParameters requested are different than current active one (requested -> active):
  custom:video-decoder-ogg-theora: a1e56fd34408186e4bbccfd4996cb3dc -> 
  custom:container-muxer-webm: aa71ff27fc2769a1b78a27578f13a17b -> 
  custom:container-demuxer-webm: 4f35f7cbe854078d1ac9338744f61a02 -> 
  custom:video-encoder-webm-vp8: eb34c28f22e8b96e1ab97ce403110664 -> 
  custom:audio-encoder-webm-vorbis: bf7c407c2cedff20999df2af8eb42d56 -> 
  custom:framework-win-MediaFoundation: 216162199b28c13a410421893ffa2e32 -> 
  custom:container-demuxer-ogg: 62fdf1f143b41e24485cea50d1cbac27 -> 
  custom:video-decoder-webm-vp8: 9c59270c3fd7afecdb556c50c9e8de78 -> 
  custom:audio-decoder-ogg-vorbis: bf7c407c2cedff20999df2af8eb42d56 -> 
========================================================================
Received Import Request.
  Time since last request: 912.403348 seconds.
  path: Assets/Scripts/Models/DialogTree.cs
  artifactKey: Guid(5271cd861914cb7419a74cbf8aee9831) Importer(815301076,1909f56bfc062723c751e8b465ee728b)
Start importing Assets/Scripts/Models/DialogTree.cs using Guid(5271cd861914cb7419a74cbf8aee9831) Importer(815301076,1909f56bfc062723c751e8b465ee728b)  -> (artifact id: '10678e55dd764065ac61b9e00b6572cd') in 1.165091 seconds 
========================================================================
Received Import Request.
  Time since last request: 358.477944 seconds.
  path: Assets/Scripts/Models/DialogTree.cs
  artifactKey: Guid(5271cd861914cb7419a74cbf8aee9831) Importer(815301076,1909f56bfc062723c751e8b465ee728b)
Start importing Assets/Scripts/Models/DialogTree.cs using Guid(5271cd861914cb7419a74cbf8aee9831) Importer(815301076,1909f56bfc062723c751e8b465ee728b)  -> (artifact id: 'f7b8710d1a927d3ffaba2643eaeb6867') in 0.002665 seconds 
========================================================================
Received Import Request.
  Time since last request: 123.422145 seconds.
  path: Assets/Scripts/Models/DialogTree.cs
  artifactKey: Guid(5271cd861914cb7419a74cbf8aee9831) Importer(815301076,1909f56bfc062723c751e8b465ee728b)
Start importing Assets/Scripts/Models/DialogTree.cs using Guid(5271cd861914cb7419a74cbf8aee9831) Importer(815301076,1909f56bfc062723c751e8b465ee728b)  -> (artifact id: 'b47b43c87ebf8cced992a31a6e8952b2') in 0.005759 seconds 
========================================================================
Received Import Request.
  Time since last request: 148.835362 seconds.
  path: Assets/Scripts/Models/DialogTree.cs
  artifactKey: Guid(5271cd861914cb7419a74cbf8aee9831) Importer(815301076,1909f56bfc062723c751e8b465ee728b)
Start importing Assets/Scripts/Models/DialogTree.cs using Guid(5271cd861914cb7419a74cbf8aee9831) Importer(815301076,1909f56bfc062723c751e8b465ee728b)  -> (artifact id: '111557b52050a5a5333874ed0acdd760') in 0.005734 seconds 
========================================================================
Received Import Request.
  Time since last request: 28.141633 seconds.
  path: Assets/Scripts/Models/DialogTree.cs
  artifactKey: Guid(5271cd861914cb7419a74cbf8aee9831) Importer(815301076,1909f56bfc062723c751e8b465ee728b)
Start importing Assets/Scripts/Models/DialogTree.cs using Guid(5271cd861914cb7419a74cbf8aee9831) Importer(815301076,1909f56bfc062723c751e8b465ee728b)  -> (artifact id: '06e9d12a82c782e0c1859476769beca1') in 0.006988 seconds 
========================================================================
Received Import Request.
  Time since last request: 2875.450551 seconds.
  path: Assets/Scripts/Models/DialogTree.cs
  artifactKey: Guid(5271cd861914cb7419a74cbf8aee9831) Importer(815301076,1909f56bfc062723c751e8b465ee728b)
Start importing Assets/Scripts/Models/DialogTree.cs using Guid(5271cd861914cb7419a74cbf8aee9831) Importer(815301076,1909f56bfc062723c751e8b465ee728b)  -> (artifact id: 'd55e72d6ec81b39a4aaa1e1bd5b819df') in 0.002381 seconds 
========================================================================
Received Import Request.
  Time since last request: 1378.946019 seconds.
  path: Assets/Scripts/Models/DialogTree.cs
  artifactKey: Guid(5271cd861914cb7419a74cbf8aee9831) Importer(815301076,1909f56bfc062723c751e8b465ee728b)
Start importing Assets/Scripts/Models/DialogTree.cs using Guid(5271cd861914cb7419a74cbf8aee9831) Importer(815301076,1909f56bfc062723c751e8b465ee728b)  -> (artifact id: '34a3beb8043f5558db5f7489c6246333') in 0.003231 seconds 
